<?xml version="1.0" encoding="UTF-8"?>
<testng-results skipped="0" failed="0" ignored="0" total="2" passed="2">
  <reporter-output>
  </reporter-output>
  <suite name="Suite" duration-ms="10649" started-at="2020-03-02T07:16:55 EST" finished-at="2020-03-02T07:17:06 EST">
    <groups>
    </groups>
    <test name="Login" duration-ms="10649" started-at="2020-03-02T07:16:55 EST" finished-at="2020-03-02T07:17:06 EST">
      <class name="umang.HomePageTest">
        <test-method status="PASS" signature="handlePopup()[pri:0, instance:umang.HomePageTest@5e853265]" name="handlePopup" duration-ms="2101" started-at="2020-03-02T07:17:04 EST" finished-at="2020-03-02T07:17:06 EST">
          <reporter-output>
          </reporter-output>
        </test-method> <!-- handlePopup -->
      </class> <!-- umang.HomePageTest -->
      <class name="umang.LoginPageTest">
        <test-method status="PASS" signature="initilise()[pri:0, instance:umang.LoginPageTest@6c49835d]" name="initilise" is-config="true" duration-ms="6221" started-at="2020-03-02T07:16:55 EST" finished-at="2020-03-02T07:17:02 EST">
          <reporter-output>
          </reporter-output>
        </test-method> <!-- initilise -->
        <test-method status="PASS" signature="verifyUserlogin()[pri:0, instance:umang.LoginPageTest@6c49835d]" name="verifyUserlogin" duration-ms="2260" started-at="2020-03-02T07:17:02 EST" finished-at="2020-03-02T07:17:04 EST">
          <reporter-output>
          </reporter-output>
        </test-method> <!-- verifyUserlogin -->
      </class> <!-- umang.LoginPageTest -->
    </test> <!-- Login -->
  </suite> <!-- Suite -->
</testng-results>
